<?xml version="1.0" encoding="UTF-8"?>
<coverage generated="1696796714225" clover="3.2.0">
  <project timestamp="1696796714225" name="All files">
    <metrics statements="32" coveredstatements="32" conditionals="20" coveredconditionals="20" methods="7" coveredmethods="7" elements="59" coveredelements="59" complexity="0" loc="32" ncloc="32" packages="1" files="1" classes="1"/>
    <file name="index.ts" path="C:\Users\Alejandro\Desktop\visual-studio-projects\node-js\json-to-env-parser\src\index.ts">
      <metrics statements="32" coveredstatements="32" conditionals="20" coveredconditionals="20" methods="7" coveredmethods="7"/>
      <line num="1" count="4" type="stmt"/>
      <line num="4" count="4" type="stmt"/>
      <line num="9" count="48" type="cond" truecount="2" falsecount="0"/>
      <line num="10" count="48" type="stmt"/>
      <line num="11" count="48" type="stmt"/>
      <line num="12" count="48" type="stmt"/>
      <line num="13" count="124" type="cond" truecount="2" falsecount="0"/>
      <line num="14" count="35" type="stmt"/>
      <line num="15" count="35" type="stmt"/>
      <line num="16" count="100" type="cond" truecount="2" falsecount="0"/>
      <line num="17" count="90" type="cond" truecount="2" falsecount="0"/>
      <line num="20" count="90" type="stmt"/>
      <line num="22" count="10" type="stmt"/>
      <line num="29" count="89" type="cond" truecount="2" falsecount="0"/>
      <line num="30" count="3" type="stmt"/>
      <line num="32" count="86" type="cond" truecount="2" falsecount="0"/>
      <line num="35" count="86" type="stmt"/>
      <line num="38" count="48" type="stmt"/>
      <line num="41" count="4" type="stmt"/>
      <line num="46" count="13" type="stmt"/>
      <line num="47" count="13" type="stmt"/>
      <line num="48" count="13" type="stmt"/>
      <line num="51" count="4" type="stmt"/>
      <line num="55" count="6" type="stmt"/>
      <line num="56" count="6" type="stmt"/>
      <line num="57" count="6" type="stmt"/>
      <line num="58" count="6" type="stmt"/>
      <line num="61" count="4" type="stmt"/>
      <line num="66" count="6" type="stmt"/>
      <line num="67" count="6" type="stmt"/>
      <line num="68" count="6" type="stmt"/>
      <line num="69" count="6" type="stmt"/>
    </file>
  </project>
</coverage>
