{"C:\\Users\\Alejandro\\Desktop\\visual-studio-projects\\node-js\\json-to-env-parser\\src\\index.ts": {"path":"C:\\Users\\Alejandro\\Desktop\\visual-studio-projects\\node-js\\json-to-env-parser\\src\\index.ts","statementMap":{"0":{"start":{"line":1,"column":0},"end":{"line":1,"column":50}},"1":{"start":{"line":4,"column":25},"end":{"line":39,"column":1}},"2":{"start":{"line":9,"column":21},"end":{"line":9,"column":60}},"3":{"start":{"line":10,"column":15},"end":{"line":10,"column":32}},"4":{"start":{"line":11,"column":12},"end":{"line":11,"column":14}},"5":{"start":{"line":12,"column":2},"end":{"line":37,"column":null}},"6":{"start":{"line":13,"column":4},"end":{"line":36,"column":null}},"7":{"start":{"line":14,"column":30},"end":{"line":14,"column":39}},"8":{"start":{"line":15,"column":6},"end":{"line":28,"column":null}},"9":{"start":{"line":16,"column":8},"end":{"line":27,"column":null}},"10":{"start":{"line":17,"column":27},"end":{"line":19,"column":44}},"11":{"start":{"line":20,"column":10},"end":{"line":20,"column":53}},"12":{"start":{"line":22,"column":10},"end":{"line":26,"column":12}},"13":{"start":{"line":29,"column":11},"end":{"line":36,"column":null}},"14":{"start":{"line":30,"column":6},"end":{"line":30,"column":69}},"15":{"start":{"line":32,"column":23},"end":{"line":34,"column":31}},"16":{"start":{"line":35,"column":6},"end":{"line":35,"column":42}},"17":{"start":{"line":38,"column":2},"end":{"line":38,"column":13}},"18":{"start":{"line":4,"column":13},"end":{"line":4,"column":25}},"19":{"start":{"line":41,"column":29},"end":{"line":49,"column":2}},"20":{"start":{"line":46,"column":4},"end":{"line":49,"column":2}},"21":{"start":{"line":47,"column":14},"end":{"line":47,"column":52}},"22":{"start":{"line":48,"column":2},"end":{"line":48,"column":33}},"23":{"start":{"line":41,"column":13},"end":{"line":41,"column":29}},"24":{"start":{"line":51,"column":29},"end":{"line":59,"column":2}},"25":{"start":{"line":55,"column":4},"end":{"line":59,"column":2}},"26":{"start":{"line":56,"column":14},"end":{"line":56,"column":38}},"27":{"start":{"line":57,"column":15},"end":{"line":57,"column":41}},"28":{"start":{"line":58,"column":2},"end":{"line":58,"column":48}},"29":{"start":{"line":51,"column":13},"end":{"line":51,"column":29}},"30":{"start":{"line":61,"column":33},"end":{"line":70,"column":2}},"31":{"start":{"line":66,"column":4},"end":{"line":70,"column":2}},"32":{"start":{"line":67,"column":14},"end":{"line":67,"column":42}},"33":{"start":{"line":68,"column":15},"end":{"line":68,"column":41}},"34":{"start":{"line":69,"column":2},"end":{"line":69,"column":64}},"35":{"start":{"line":61,"column":13},"end":{"line":61,"column":33}}},"fnMap":{"0":{"name":"(anonymous_7)","decl":{"start":{"line":4,"column":25},"end":{"line":4,"column":null}},"loc":{"start":{"line":8,"column":4},"end":{"line":39,"column":1}}},"1":{"name":"(anonymous_8)","decl":{"start":{"line":41,"column":29},"end":{"line":41,"column":null}},"loc":{"start":{"line":46,"column":4},"end":{"line":49,"column":2}}},"2":{"name":"(anonymous_9)","decl":{"start":{"line":46,"column":4},"end":{"line":46,"column":null}},"loc":{"start":{"line":46,"column":4},"end":{"line":49,"column":1}}},"3":{"name":"(anonymous_10)","decl":{"start":{"line":51,"column":29},"end":{"line":51,"column":null}},"loc":{"start":{"line":55,"column":4},"end":{"line":59,"column":2}}},"4":{"name":"(anonymous_11)","decl":{"start":{"line":55,"column":4},"end":{"line":55,"column":null}},"loc":{"start":{"line":55,"column":4},"end":{"line":59,"column":1}}},"5":{"name":"(anonymous_12)","decl":{"start":{"line":61,"column":33},"end":{"line":61,"column":null}},"loc":{"start":{"line":66,"column":4},"end":{"line":70,"column":2}}},"6":{"name":"(anonymous_13)","decl":{"start":{"line":66,"column":4},"end":{"line":66,"column":null}},"loc":{"start":{"line":66,"column":4},"end":{"line":70,"column":1}}}},"branchMap":{"0":{"loc":{"start":{"line":6,"column":2},"end":{"line":6,"column":28}},"type":"default-arg","locations":[{"start":{"line":6,"column":24},"end":{"line":6,"column":28}}]},"1":{"loc":{"start":{"line":7,"column":2},"end":{"line":7,"column":24}},"type":"default-arg","locations":[{"start":{"line":7,"column":22},"end":{"line":7,"column":24}}]},"2":{"loc":{"start":{"line":9,"column":21},"end":{"line":9,"column":60}},"type":"cond-expr","locations":[{"start":{"line":9,"column":40},"end":{"line":9,"column":42}},{"start":{"line":9,"column":45},"end":{"line":9,"column":60}}]},"3":{"loc":{"start":{"line":13,"column":4},"end":{"line":36,"column":null}},"type":"if","locations":[{"start":{"line":13,"column":4},"end":{"line":36,"column":null}},{"start":{"line":29,"column":11},"end":{"line":36,"column":null}}]},"4":{"loc":{"start":{"line":16,"column":8},"end":{"line":27,"column":null}},"type":"if","locations":[{"start":{"line":16,"column":8},"end":{"line":27,"column":null}},{"start":{"line":21,"column":15},"end":{"line":27,"column":null}}]},"5":{"loc":{"start":{"line":17,"column":27},"end":{"line":19,"column":44}},"type":"cond-expr","locations":[{"start":{"line":18,"column":14},"end":{"line":18,"column":58}},{"start":{"line":19,"column":14},"end":{"line":19,"column":44}}]},"6":{"loc":{"start":{"line":29,"column":11},"end":{"line":36,"column":null}},"type":"if","locations":[{"start":{"line":29,"column":11},"end":{"line":36,"column":null}},{"start":{"line":31,"column":11},"end":{"line":36,"column":null}}]},"7":{"loc":{"start":{"line":32,"column":23},"end":{"line":34,"column":31}},"type":"cond-expr","locations":[{"start":{"line":33,"column":10},"end":{"line":33,"column":45}},{"start":{"line":34,"column":10},"end":{"line":34,"column":31}}]},"8":{"loc":{"start":{"line":44,"column":2},"end":{"line":44,"column":28}},"type":"default-arg","locations":[{"start":{"line":44,"column":24},"end":{"line":44,"column":28}}]},"9":{"loc":{"start":{"line":45,"column":2},"end":{"line":45,"column":24}},"type":"default-arg","locations":[{"start":{"line":45,"column":22},"end":{"line":45,"column":24}}]},"10":{"loc":{"start":{"line":53,"column":2},"end":{"line":53,"column":28}},"type":"default-arg","locations":[{"start":{"line":53,"column":24},"end":{"line":53,"column":28}}]},"11":{"loc":{"start":{"line":54,"column":2},"end":{"line":54,"column":24}},"type":"default-arg","locations":[{"start":{"line":54,"column":22},"end":{"line":54,"column":24}}]},"12":{"loc":{"start":{"line":64,"column":2},"end":{"line":64,"column":28}},"type":"default-arg","locations":[{"start":{"line":64,"column":24},"end":{"line":64,"column":28}}]},"13":{"loc":{"start":{"line":65,"column":2},"end":{"line":65,"column":24}},"type":"default-arg","locations":[{"start":{"line":65,"column":22},"end":{"line":65,"column":24}}]}},"s":{"0":4,"1":4,"2":48,"3":48,"4":48,"5":48,"6":124,"7":35,"8":35,"9":100,"10":90,"11":90,"12":10,"13":89,"14":3,"15":86,"16":86,"17":48,"18":4,"19":4,"20":13,"21":13,"22":13,"23":4,"24":4,"25":6,"26":6,"27":6,"28":6,"29":4,"30":4,"31":6,"32":6,"33":6,"34":6,"35":4},"f":{"0":48,"1":13,"2":13,"3":6,"4":6,"5":6,"6":6},"b":{"0":[9],"1":[16],"2":[35,13],"3":[35,89],"4":[90,10],"5":[78,12],"6":[3,86],"7":[75,11],"8":[7],"9":[7],"10":[6],"11":[6],"12":[6],"13":[6]}}
}
