TN:
SF:src\index.ts
FN:4,(anonymous_7)
FN:41,(anonymous_8)
FN:46,(anonymous_9)
FN:51,(anonymous_10)
FN:55,(anonymous_11)
FN:61,(anonymous_12)
FN:66,(anonymous_13)
FNF:7
FNH:7
FNDA:48,(anonymous_7)
FNDA:13,(anonymous_8)
FNDA:13,(anonymous_9)
FNDA:6,(anonymous_10)
FNDA:6,(anonymous_11)
FNDA:6,(anonymous_12)
FNDA:6,(anonymous_13)
DA:1,4
DA:4,4
DA:9,48
DA:10,48
DA:11,48
DA:12,48
DA:13,124
DA:14,35
DA:15,35
DA:16,100
DA:17,90
DA:20,90
DA:22,10
DA:29,89
DA:30,3
DA:32,86
DA:35,86
DA:38,48
DA:41,4
DA:46,13
DA:47,13
DA:48,13
DA:51,4
DA:55,6
DA:56,6
DA:57,6
DA:58,6
DA:61,4
DA:66,6
DA:67,6
DA:68,6
DA:69,6
LF:32
LH:32
BRDA:6,0,0,9
BRDA:7,1,0,16
BRDA:9,2,0,35
BRDA:9,2,1,13
BRDA:13,3,0,35
BRDA:13,3,1,89
BRDA:16,4,0,90
BRDA:16,4,1,10
BRDA:17,5,0,78
BRDA:17,5,1,12
BRDA:29,6,0,3
BRDA:29,6,1,86
BRDA:32,7,0,75
BRDA:32,7,1,11
BRDA:44,8,0,7
BRDA:45,9,0,7
BRDA:53,10,0,6
BRDA:54,11,0,6
BRDA:64,12,0,6
BRDA:65,13,0,6
BRF:20
BRH:20
end_of_record
